<?xml version="1.0" encoding="utf-8"?><testsuites name="pytest tests"><testsuite name="pytest" errors="0" failures="3" skipped="0" tests="20" time="5.509" timestamp="2026-07-14T10:15:45.902211+00:00" hostname="agent-env-a05e1fb9-2661-4da8-bf95-f36afe52afcc"><testcase classname="tests.test_auth_and_security.TestPasswordLogin" name="test_login_success" time="0.977" /><testcase classname="tests.test_auth_and_security.TestPasswordLogin" name="test_login_wrong_password" time="0.297" /><testcase classname="tests.test_auth_and_security.TestStaffManagement" name="test_list_staff_requires_auth" time="1.277" /><testcase classname="tests.test_auth_and_security.TestPasswordLogin" name="test_login_unknown_email" time="0.059" /><testcase classname="tests.test_auth_and_security.TestStaffManagement" name="test_list_staff_contains_seeded_admin" time="0.064" /><testcase classname="tests.test_auth_and_security.TestPasswordLogin" name="test_session_from_password_works_on_me" time="0.062" /><testcase classname="tests.test_auth_and_security.TestStaffManagement" name="test_add_staff_ok" time="0.104"><failure message="AssertionError: {&quot;detail&quot;:&quot;Staff already exists&quot;}&#10;assert 409 == 200&#10; +  where 409 = &lt;Response [409]&gt;.status_code">backend/tests/test_auth_and_security.py:123: in test_add_staff_ok
    assert r.status_code == 200, r.text
E   AssertionError: {"detail":"Staff already exists"}
E   assert 409 == 200
E    +  where 409 = &lt;Response [409]&gt;.status_code</failure></testcase><testcase classname="tests.test_auth_and_security.TestPasswordLogin" name="test_me_without_token" time="0.057" /><testcase classname="tests.test_auth_and_security.TestPayloadCaps" name="test_reporter_name_too_long" time="0.060" /><testcase classname="tests.test_auth_and_security.TestStaffManagement" name="test_add_staff_duplicate_returns_409" time="0.065" /><testcase classname="tests.test_auth_and_security.TestPayloadCaps" name="test_text_too_long" time="0.325" /><testcase classname="tests.test_auth_and_security.TestStaffManagement" name="test_new_staff_can_login" time="0.310"><failure message="assert 401 == 200&#10; +  where 401 = &lt;Response [401]&gt;.status_code">backend/tests/test_auth_and_security.py:143: in test_new_staff_can_login
    assert r.status_code == 200
E   assert 401 == 200
E    +  where 401 = &lt;Response [401]&gt;.status_code</failure></testcase><testcase classname="tests.test_auth_and_security.TestPayloadCaps" name="test_boundary_valid" time="0.084" /><testcase classname="tests.test_auth_and_security.TestStaffManagement" name="test_delete_self_forbidden" time="0.067" /><testcase classname="tests.test_auth_and_security.TestStaffManagement" name="test_delete_staff_ok" time="0.062"><failure message="assert 400 == 200&#10; +  where 400 = &lt;Response [400]&gt;.status_code">backend/tests/test_auth_and_security.py:154: in test_delete_staff_ok
    assert r.status_code == 200
E   assert 400 == 200
E    +  where 400 = &lt;Response [400]&gt;.status_code</failure></testcase><testcase classname="tests.test_auth_and_security.TestSecurityHeaders" name="test_headers_present_on_api" time="0.141" /><testcase classname="tests.test_auth_and_security.TestSevadarRegression" name="test_create_incident_no_auth_devanagari" time="0.064" /><testcase classname="tests.test_auth_and_security.TestSevadarRegression" name="test_incidents_mine_no_auth" time="0.191" /><testcase classname="tests.test_auth_and_security.TestSecurityHeaders" name="test_docs_disabled" time="0.428" /><testcase classname="tests.test_rate_limit" name="test_login_rate_limited" time="2.313" /></testsuite></testsuites>